Analysis & Synthesis report for Project
Sun Jul 03 09:34:42 2022
Quartus II 64-Bit Version 13.0.1 Build 232 06/12/2013 Service Pack 1 SJ Full Version


---------------------
; Table of Contents ;
---------------------
  1. Legal Notice
  2. Analysis & Synthesis Summary
  3. Analysis & Synthesis Settings
  4. Parallel Compilation
  5. Analysis & Synthesis Source Files Read
  6. Analysis & Synthesis Resource Usage Summary
  7. Analysis & Synthesis Resource Utilization by Entity
  8. Analysis & Synthesis IP Cores Summary
  9. Registers Removed During Synthesis
 10. Removed Registers Triggering Further Register Optimizations
 11. General Register Statistics
 12. Source assignments for wlx_modulation:modulation1|wlx_sinout:sinout1|sinewave:U1|altsyncram:altsyncram_component|altsyncram_ov71:auto_generated
 13. Parameter Settings for User Entity Instance: LY_DIV:mod_a
 14. Parameter Settings for User Entity Instance: LY_DIV:mod_b
 15. Parameter Settings for User Entity Instance: wlx_modulation:modulation1|LY_DIV:mod_a
 16. Parameter Settings for User Entity Instance: wlx_modulation:modulation1|LY_DIV:mod_b
 17. Parameter Settings for User Entity Instance: wlx_modulation:modulation1|LY_DIV:mod_c
 18. Parameter Settings for User Entity Instance: wlx_modulation:modulation1|LY_DIV:mod_d
 19. Parameter Settings for User Entity Instance: wlx_modulation:modulation1|wlx_sinout:sinout1|sinewave:U1|altsyncram:altsyncram_component
 20. Parameter Settings for User Entity Instance: zn_demodulation:demodulation|zn_wlx_freq_detect:freq_detect1
 21. altsyncram Parameter Settings by Entity Instance
 22. Port Connectivity Checks: "zn_demodulation:demodulation|zn_compare:compare"
 23. Elapsed Time Per Partition
 24. Analysis & Synthesis Messages



----------------
; Legal Notice ;
----------------
Copyright (C) 1991-2013 Altera Corporation
Your use of Altera Corporation's design tools, logic functions 
and other software and tools, and its AMPP partner logic 
functions, and any output files from any of the foregoing 
(including device programming or simulation files), and any 
associated documentation or information are expressly subject 
to the terms and conditions of the Altera Program License 
Subscription Agreement, Altera MegaCore Function License 
Agreement, or other applicable license agreement, including, 
without limitation, that your use is for the sole purpose of 
programming logic devices manufactured by Altera and sold by 
Altera or its authorized distributors.  Please refer to the 
applicable agreement for further details.



+---------------------------------------------------------------------------------------+
; Analysis & Synthesis Summary                                                          ;
+------------------------------------+--------------------------------------------------+
; Analysis & Synthesis Status        ; Successful - Sun Jul 03 09:34:42 2022            ;
; Quartus II 64-Bit Version          ; 13.0.1 Build 232 06/12/2013 SP 1 SJ Full Version ;
; Revision Name                      ; Project                                          ;
; Top-level Entity Name              ; lzw_FSK                                          ;
; Family                             ; Cyclone II                                       ;
; Total logic elements               ; 0                                                ;
;     Total combinational functions  ; 0                                                ;
;     Dedicated logic registers      ; 0                                                ;
; Total registers                    ; 0                                                ;
; Total pins                         ; 3                                                ;
; Total virtual pins                 ; 0                                                ;
; Total memory bits                  ; 0                                                ;
; Embedded Multiplier 9-bit elements ; 0                                                ;
; Total PLLs                         ; 0                                                ;
+------------------------------------+--------------------------------------------------+


+----------------------------------------------------------------------------------------------------------------------+
; Analysis & Synthesis Settings                                                                                        ;
+----------------------------------------------------------------------------+--------------------+--------------------+
; Option                                                                     ; Setting            ; Default Value      ;
+----------------------------------------------------------------------------+--------------------+--------------------+
; Device                                                                     ; EP2C8T144I8        ;                    ;
; Top-level entity name                                                      ; lzw_FSK            ; Project            ;
; Family name                                                                ; Cyclone II         ; Cyclone IV GX      ;
; Use smart compilation                                                      ; Off                ; Off                ;
; Enable parallel Assembler and TimeQuest Timing Analyzer during compilation ; On                 ; On                 ;
; Enable compact report table                                                ; Off                ; Off                ;
; Restructure Multiplexers                                                   ; Auto               ; Auto               ;
; Create Debugging Nodes for IP Cores                                        ; Off                ; Off                ;
; Preserve fewer node names                                                  ; On                 ; On                 ;
; Disable OpenCore Plus hardware evaluation                                  ; Off                ; Off                ;
; Verilog Version                                                            ; Verilog_2001       ; Verilog_2001       ;
; VHDL Version                                                               ; VHDL_1993          ; VHDL_1993          ;
; State Machine Processing                                                   ; Auto               ; Auto               ;
; Safe State Machine                                                         ; Off                ; Off                ;
; Extract Verilog State Machines                                             ; On                 ; On                 ;
; Extract VHDL State Machines                                                ; On                 ; On                 ;
; Ignore Verilog initial constructs                                          ; Off                ; Off                ;
; Iteration limit for constant Verilog loops                                 ; 5000               ; 5000               ;
; Iteration limit for non-constant Verilog loops                             ; 250                ; 250                ;
; Add Pass-Through Logic to Inferred RAMs                                    ; On                 ; On                 ;
; Infer RAMs from Raw Logic                                                  ; On                 ; On                 ;
; Parallel Synthesis                                                         ; On                 ; On                 ;
; DSP Block Balancing                                                        ; Auto               ; Auto               ;
; NOT Gate Push-Back                                                         ; On                 ; On                 ;
; Power-Up Don't Care                                                        ; On                 ; On                 ;
; Remove Redundant Logic Cells                                               ; Off                ; Off                ;
; Remove Duplicate Registers                                                 ; On                 ; On                 ;
; Ignore CARRY Buffers                                                       ; Off                ; Off                ;
; Ignore CASCADE Buffers                                                     ; Off                ; Off                ;
; Ignore GLOBAL Buffers                                                      ; Off                ; Off                ;
; Ignore ROW GLOBAL Buffers                                                  ; Off                ; Off                ;
; Ignore LCELL Buffers                                                       ; Off                ; Off                ;
; Ignore SOFT Buffers                                                        ; On                 ; On                 ;
; Limit AHDL Integers to 32 Bits                                             ; Off                ; Off                ;
; Optimization Technique                                                     ; Balanced           ; Balanced           ;
; Carry Chain Length                                                         ; 70                 ; 70                 ;
; Auto Carry Chains                                                          ; On                 ; On                 ;
; Auto Open-Drain Pins                                                       ; On                 ; On                 ;
; Perform WYSIWYG Primitive Resynthesis                                      ; Off                ; Off                ;
; Auto ROM Replacement                                                       ; On                 ; On                 ;
; Auto RAM Replacement                                                       ; On                 ; On                 ;
; Auto Shift Register Replacement                                            ; Auto               ; Auto               ;
; Allow Shift Register Merging across Hierarchies                            ; Auto               ; Auto               ;
; Auto Clock Enable Replacement                                              ; On                 ; On                 ;
; Strict RAM Replacement                                                     ; Off                ; Off                ;
; Allow Synchronous Control Signals                                          ; On                 ; On                 ;
; Force Use of Synchronous Clear Signals                                     ; Off                ; Off                ;
; Auto RAM to Logic Cell Conversion                                          ; Off                ; Off                ;
; Auto Resource Sharing                                                      ; Off                ; Off                ;
; Allow Any RAM Size For Recognition                                         ; Off                ; Off                ;
; Allow Any ROM Size For Recognition                                         ; Off                ; Off                ;
; Allow Any Shift Register Size For Recognition                              ; Off                ; Off                ;
; Use LogicLock Constraints during Resource Balancing                        ; On                 ; On                 ;
; Ignore translate_off and synthesis_off directives                          ; Off                ; Off                ;
; Timing-Driven Synthesis                                                    ; Off                ; Off                ;
; Report Parameter Settings                                                  ; On                 ; On                 ;
; Report Source Assignments                                                  ; On                 ; On                 ;
; Report Connectivity Checks                                                 ; On                 ; On                 ;
; Ignore Maximum Fan-Out Assignments                                         ; Off                ; Off                ;
; Synchronization Register Chain Length                                      ; 2                  ; 2                  ;
; PowerPlay Power Optimization                                               ; Normal compilation ; Normal compilation ;
; HDL message level                                                          ; Level2             ; Level2             ;
; Suppress Register Optimization Related Messages                            ; Off                ; Off                ;
; Number of Removed Registers Reported in Synthesis Report                   ; 5000               ; 5000               ;
; Number of Swept Nodes Reported in Synthesis Report                         ; 5000               ; 5000               ;
; Number of Inverted Registers Reported in Synthesis Report                  ; 100                ; 100                ;
; Clock MUX Protection                                                       ; On                 ; On                 ;
; Auto Gated Clock Conversion                                                ; Off                ; Off                ;
; Block Design Naming                                                        ; Auto               ; Auto               ;
; SDC constraint protection                                                  ; Off                ; Off                ;
; Synthesis Effort                                                           ; Auto               ; Auto               ;
; Shift Register Replacement - Allow Asynchronous Clear Signal               ; On                 ; On                 ;
; Pre-Mapping Resynthesis Optimization                                       ; Off                ; Off                ;
; Analysis & Synthesis Message Level                                         ; Medium             ; Medium             ;
; Disable Register Merging Across Hierarchies                                ; Auto               ; Auto               ;
; Resource Aware Inference For Block RAM                                     ; On                 ; On                 ;
; Synthesis Seed                                                             ; 1                  ; 1                  ;
+----------------------------------------------------------------------------+--------------------+--------------------+


+------------------------------------------+
; Parallel Compilation                     ;
+----------------------------+-------------+
; Processors                 ; Number      ;
+----------------------------+-------------+
; Number detected on machine ; 8           ;
; Maximum allowed            ; 4           ;
;                            ;             ;
; Average used               ; 1.00        ;
; Maximum used               ; 1           ;
;                            ;             ;
; Usage by Processor         ; % Time Used ;
;     Processor 1            ; 100.0%      ;
;     Processors 2-8         ;   0.0%      ;
+----------------------------+-------------+


+------------------------------------------------------------------------------------------------------------------------------------------------------------------------+
; Analysis & Synthesis Source Files Read                                                                                                                                 ;
+----------------------------------+-----------------+----------------------------------------+----------------------------------------------------------------+---------+
; File Name with User-Entered Path ; Used in Netlist ; File Type                              ; File Name with Absolute Path                                   ; Library ;
+----------------------------------+-----------------+----------------------------------------+----------------------------------------------------------------+---------+
; wlx_modulation.v                 ; yes             ; User Verilog HDL File                  ; C:/Users/WLX/Desktop/Project/wlx_modulation.v                  ;         ;
; LY_DIV.v                         ; yes             ; User Verilog HDL File                  ; C:/Users/WLX/Desktop/Project/LY_DIV.v                          ;         ;
; wlx_m_sequence.v                 ; yes             ; User Verilog HDL File                  ; C:/Users/WLX/Desktop/Project/wlx_m_sequence.v                  ;         ;
; LY_choose.v                      ; yes             ; User Verilog HDL File                  ; C:/Users/WLX/Desktop/Project/LY_choose.v                       ;         ;
; wlx_sinout.v                     ; yes             ; User Verilog HDL File                  ; C:/Users/WLX/Desktop/Project/wlx_sinout.v                      ;         ;
; sinewave.v                       ; yes             ; User Wizard-Generated File             ; C:/Users/WLX/Desktop/Project/sinewave.v                        ;         ;
; zn_wlx_freq_detect.v             ; yes             ; User Verilog HDL File                  ; C:/Users/WLX/Desktop/Project/zn_wlx_freq_detect.v              ;         ;
; zn_demodulation.v                ; yes             ; User Verilog HDL File                  ; C:/Users/WLX/Desktop/Project/zn_demodulation.v                 ;         ;
; zn_compare.v                     ; yes             ; User Verilog HDL File                  ; C:/Users/WLX/Desktop/Project/zn_compare.v                      ;         ;
; lzw_FSK.v                        ; yes             ; User Verilog HDL File                  ; C:/Users/WLX/Desktop/Project/lzw_FSK.v                         ;         ;
; altsyncram.tdf                   ; yes             ; Megafunction                           ; d:/alter/quartus/libraries/megafunctions/altsyncram.tdf        ;         ;
; stratix_ram_block.inc            ; yes             ; Megafunction                           ; d:/alter/quartus/libraries/megafunctions/stratix_ram_block.inc ;         ;
; lpm_mux.inc                      ; yes             ; Megafunction                           ; d:/alter/quartus/libraries/megafunctions/lpm_mux.inc           ;         ;
; lpm_decode.inc                   ; yes             ; Megafunction                           ; d:/alter/quartus/libraries/megafunctions/lpm_decode.inc        ;         ;
; aglobal130.inc                   ; yes             ; Megafunction                           ; d:/alter/quartus/libraries/megafunctions/aglobal130.inc        ;         ;
; a_rdenreg.inc                    ; yes             ; Megafunction                           ; d:/alter/quartus/libraries/megafunctions/a_rdenreg.inc         ;         ;
; altrom.inc                       ; yes             ; Megafunction                           ; d:/alter/quartus/libraries/megafunctions/altrom.inc            ;         ;
; altram.inc                       ; yes             ; Megafunction                           ; d:/alter/quartus/libraries/megafunctions/altram.inc            ;         ;
; altdpram.inc                     ; yes             ; Megafunction                           ; d:/alter/quartus/libraries/megafunctions/altdpram.inc          ;         ;
; db/altsyncram_ov71.tdf           ; yes             ; Auto-Generated Megafunction            ; C:/Users/WLX/Desktop/Project/db/altsyncram_ov71.tdf            ;         ;
; sinewave.mif                     ; yes             ; Auto-Found Memory Initialization File  ; C:/Users/WLX/Desktop/Project/sinewave.mif                      ;         ;
+----------------------------------+-----------------+----------------------------------------+----------------------------------------------------------------+---------+


+-----------------------------------------------------+
; Analysis & Synthesis Resource Usage Summary         ;
+---------------------------------------------+-------+
; Resource                                    ; Usage ;
+---------------------------------------------+-------+
;                                             ;       ;
; Total combinational functions               ; 0     ;
; Logic element usage by number of LUT inputs ;       ;
;     -- 4 input functions                    ; 0     ;
;     -- 3 input functions                    ; 0     ;
;     -- <=2 input functions                  ; 0     ;
;                                             ;       ;
; Logic elements by mode                      ;       ;
;     -- normal mode                          ; 0     ;
;     -- arithmetic mode                      ; 0     ;
;                                             ;       ;
; Total registers                             ; 0     ;
;     -- Dedicated logic registers            ; 0     ;
;     -- I/O registers                        ; 0     ;
;                                             ;       ;
; I/O pins                                    ; 3     ;
; Embedded Multiplier 9-bit elements          ; 0     ;
+---------------------------------------------+-------+


+-----------------------------------------------------------------------------------------------------------------------------------------------------------------------------+
; Analysis & Synthesis Resource Utilization by Entity                                                                                                                         ;
+----------------------------+-------------------+--------------+-------------+--------------+---------+-----------+------+--------------+---------------------+--------------+
; Compilation Hierarchy Node ; LC Combinationals ; LC Registers ; Memory Bits ; DSP Elements ; DSP 9x9 ; DSP 18x18 ; Pins ; Virtual Pins ; Full Hierarchy Name ; Library Name ;
+----------------------------+-------------------+--------------+-------------+--------------+---------+-----------+------+--------------+---------------------+--------------+
; |lzw_FSK                   ; 0 (0)             ; 0 (0)        ; 0           ; 0            ; 0       ; 0         ; 3    ; 0            ; |lzw_FSK            ; work         ;
+----------------------------+-------------------+--------------+-------------+--------------+---------+-----------+------+--------------+---------------------+--------------+
Note: For table entries with two numbers listed, the numbers in parentheses indicate the number of resources of the given type used by the specific entity alone. The numbers listed outside of parentheses indicate the total resources of the given type used by the specific entity and all of its sub-entities in the hierarchy.


+------------------------------------------------------------------------------------------------------------------------------------------------------------------------------+
; Analysis & Synthesis IP Cores Summary                                                                                                                                        ;
+--------+--------------+---------+--------------+--------------+--------------------------------------------------------------------+-----------------------------------------+
; Vendor ; IP Core Name ; Version ; Release Date ; License Type ; Entity Instance                                                    ; IP Include File                         ;
+--------+--------------+---------+--------------+--------------+--------------------------------------------------------------------+-----------------------------------------+
; Altera ; ROM: 1-PORT  ; 13.0    ; N/A          ; N/A          ; |lzw_FSK|wlx_modulation:modulation1|wlx_sinout:sinout1|sinewave:U1 ; C:/Users/WLX/Desktop/Project/sinewave.v ;
+--------+--------------+---------+--------------+--------------+--------------------------------------------------------------------+-----------------------------------------+


+----------------------------------------------------------------------------------------+
; Registers Removed During Synthesis                                                     ;
+-------------------------------------------------------------------+--------------------+
; Register name                                                     ; Reason for Removal ;
+-------------------------------------------------------------------+--------------------+
; wlx_modulation:modulation1|wlx_sinout:sinout1|count[0..5]         ; Lost fanout        ;
; wlx_modulation:modulation1|wlx_m_sequence:m_sequence1|shift[0..4] ; Lost fanout        ;
; wlx_modulation:modulation1|LY_DIV:mod_d|count[0..15]              ; Lost fanout        ;
; wlx_modulation:modulation1|LY_DIV:mod_d|clkout                    ; Lost fanout        ;
; wlx_modulation:modulation1|LY_DIV:mod_c|count[0..15]              ; Lost fanout        ;
; wlx_modulation:modulation1|LY_DIV:mod_c|clkout                    ; Lost fanout        ;
; wlx_modulation:modulation1|LY_DIV:mod_b|count[0..15]              ; Lost fanout        ;
; wlx_modulation:modulation1|LY_DIV:mod_b|clkout                    ; Lost fanout        ;
; wlx_modulation:modulation1|LY_DIV:mod_a|count[0..15]              ; Lost fanout        ;
; wlx_modulation:modulation1|LY_DIV:mod_a|clkout                    ; Lost fanout        ;
; Total Number of Removed Registers = 79                            ;                    ;
+-------------------------------------------------------------------+--------------------+


+-----------------------------------------------------------------------------------------------------------------------------------------------+
; Removed Registers Triggering Further Register Optimizations                                                                                   ;
+--------------------------------------------------------+--------------------+-----------------------------------------------------------------+
; Register name                                          ; Reason for Removal ; Registers Removed due to This Register                          ;
+--------------------------------------------------------+--------------------+-----------------------------------------------------------------+
; wlx_modulation:modulation1|wlx_sinout:sinout1|count[0] ; Lost Fanouts       ; wlx_modulation:modulation1|wlx_m_sequence:m_sequence1|shift[0], ;
;                                                        ;                    ; wlx_modulation:modulation1|LY_DIV:mod_d|clkout,                 ;
;                                                        ;                    ; wlx_modulation:modulation1|LY_DIV:mod_c|clkout,                 ;
;                                                        ;                    ; wlx_modulation:modulation1|LY_DIV:mod_b|clkout                  ;
; wlx_modulation:modulation1|LY_DIV:mod_c|count[0]       ; Lost Fanouts       ; wlx_modulation:modulation1|LY_DIV:mod_a|clkout                  ;
+--------------------------------------------------------+--------------------+-----------------------------------------------------------------+


+------------------------------------------------------+
; General Register Statistics                          ;
+----------------------------------------------+-------+
; Statistic                                    ; Value ;
+----------------------------------------------+-------+
; Total registers                              ; 0     ;
; Number of registers using Synchronous Clear  ; 0     ;
; Number of registers using Synchronous Load   ; 0     ;
; Number of registers using Asynchronous Clear ; 0     ;
; Number of registers using Asynchronous Load  ; 0     ;
; Number of registers using Clock Enable       ; 0     ;
; Number of registers using Preset             ; 0     ;
+----------------------------------------------+-------+


+-------------------------------------------------------------------------------------------------------------------------------------------------+
; Source assignments for wlx_modulation:modulation1|wlx_sinout:sinout1|sinewave:U1|altsyncram:altsyncram_component|altsyncram_ov71:auto_generated ;
+---------------------------------+--------------------+------+-----------------------------------------------------------------------------------+
; Assignment                      ; Value              ; From ; To                                                                                ;
+---------------------------------+--------------------+------+-----------------------------------------------------------------------------------+
; OPTIMIZE_POWER_DURING_SYNTHESIS ; NORMAL_COMPILATION ; -    ; -                                                                                 ;
+---------------------------------+--------------------+------+-----------------------------------------------------------------------------------+


+-----------------------------------------------------------+
; Parameter Settings for User Entity Instance: LY_DIV:mod_a ;
+----------------+-------+----------------------------------+
; Parameter Name ; Value ; Type                             ;
+----------------+-------+----------------------------------+
; N              ; 32    ; Signed Integer                   ;
+----------------+-------+----------------------------------+
Note: In order to hide this table in the UI and the text report file, please set the "Show Parameter Settings in Synthesis Report" option in "Analysis and Synthesis Settings -> More Settings" to "Off".


+-----------------------------------------------------------+
; Parameter Settings for User Entity Instance: LY_DIV:mod_b ;
+----------------+-------+----------------------------------+
; Parameter Name ; Value ; Type                             ;
+----------------+-------+----------------------------------+
; N              ; 4     ; Signed Integer                   ;
+----------------+-------+----------------------------------+
Note: In order to hide this table in the UI and the text report file, please set the "Show Parameter Settings in Synthesis Report" option in "Analysis and Synthesis Settings -> More Settings" to "Off".


+--------------------------------------------------------------------------------------+
; Parameter Settings for User Entity Instance: wlx_modulation:modulation1|LY_DIV:mod_a ;
+----------------+-------+-------------------------------------------------------------+
; Parameter Name ; Value ; Type                                                        ;
+----------------+-------+-------------------------------------------------------------+
; N              ; 32    ; Signed Integer                                              ;
+----------------+-------+-------------------------------------------------------------+
Note: In order to hide this table in the UI and the text report file, please set the "Show Parameter Settings in Synthesis Report" option in "Analysis and Synthesis Settings -> More Settings" to "Off".


+--------------------------------------------------------------------------------------+
; Parameter Settings for User Entity Instance: wlx_modulation:modulation1|LY_DIV:mod_b ;
+----------------+-------+-------------------------------------------------------------+
; Parameter Name ; Value ; Type                                                        ;
+----------------+-------+-------------------------------------------------------------+
; N              ; 16    ; Signed Integer                                              ;
+----------------+-------+-------------------------------------------------------------+
Note: In order to hide this table in the UI and the text report file, please set the "Show Parameter Settings in Synthesis Report" option in "Analysis and Synthesis Settings -> More Settings" to "Off".


+--------------------------------------------------------------------------------------+
; Parameter Settings for User Entity Instance: wlx_modulation:modulation1|LY_DIV:mod_c ;
+----------------+-------+-------------------------------------------------------------+
; Parameter Name ; Value ; Type                                                        ;
+----------------+-------+-------------------------------------------------------------+
; N              ; 8     ; Signed Integer                                              ;
+----------------+-------+-------------------------------------------------------------+
Note: In order to hide this table in the UI and the text report file, please set the "Show Parameter Settings in Synthesis Report" option in "Analysis and Synthesis Settings -> More Settings" to "Off".


+--------------------------------------------------------------------------------------+
; Parameter Settings for User Entity Instance: wlx_modulation:modulation1|LY_DIV:mod_d ;
+----------------+-------+-------------------------------------------------------------+
; Parameter Name ; Value ; Type                                                        ;
+----------------+-------+-------------------------------------------------------------+
; N              ; 160   ; Signed Integer                                              ;
+----------------+-------+-------------------------------------------------------------+
Note: In order to hide this table in the UI and the text report file, please set the "Show Parameter Settings in Synthesis Report" option in "Analysis and Synthesis Settings -> More Settings" to "Off".


+----------------------------------------------------------------------------------------------------------------------------------------+
; Parameter Settings for User Entity Instance: wlx_modulation:modulation1|wlx_sinout:sinout1|sinewave:U1|altsyncram:altsyncram_component ;
+------------------------------------+----------------------+----------------------------------------------------------------------------+
; Parameter Name                     ; Value                ; Type                                                                       ;
+------------------------------------+----------------------+----------------------------------------------------------------------------+
; BYTE_SIZE_BLOCK                    ; 8                    ; Untyped                                                                    ;
; AUTO_CARRY_CHAINS                  ; ON                   ; AUTO_CARRY                                                                 ;
; IGNORE_CARRY_BUFFERS               ; OFF                  ; IGNORE_CARRY                                                               ;
; AUTO_CASCADE_CHAINS                ; ON                   ; AUTO_CASCADE                                                               ;
; IGNORE_CASCADE_BUFFERS             ; OFF                  ; IGNORE_CASCADE                                                             ;
; WIDTH_BYTEENA                      ; 1                    ; Untyped                                                                    ;
; OPERATION_MODE                     ; ROM                  ; Untyped                                                                    ;
; WIDTH_A                            ; 8                    ; Signed Integer                                                             ;
; WIDTHAD_A                          ; 6                    ; Signed Integer                                                             ;
; NUMWORDS_A                         ; 64                   ; Signed Integer                                                             ;
; OUTDATA_REG_A                      ; UNREGISTERED         ; Untyped                                                                    ;
; ADDRESS_ACLR_A                     ; NONE                 ; Untyped                                                                    ;
; OUTDATA_ACLR_A                     ; NONE                 ; Untyped                                                                    ;
; WRCONTROL_ACLR_A                   ; NONE                 ; Untyped                                                                    ;
; INDATA_ACLR_A                      ; NONE                 ; Untyped                                                                    ;
; BYTEENA_ACLR_A                     ; NONE                 ; Untyped                                                                    ;
; WIDTH_B                            ; 1                    ; Untyped                                                                    ;
; WIDTHAD_B                          ; 1                    ; Untyped                                                                    ;
; NUMWORDS_B                         ; 1                    ; Untyped                                                                    ;
; INDATA_REG_B                       ; CLOCK1               ; Untyped                                                                    ;
; WRCONTROL_WRADDRESS_REG_B          ; CLOCK1               ; Untyped                                                                    ;
; RDCONTROL_REG_B                    ; CLOCK1               ; Untyped                                                                    ;
; ADDRESS_REG_B                      ; CLOCK1               ; Untyped                                                                    ;
; OUTDATA_REG_B                      ; UNREGISTERED         ; Untyped                                                                    ;
; BYTEENA_REG_B                      ; CLOCK1               ; Untyped                                                                    ;
; INDATA_ACLR_B                      ; NONE                 ; Untyped                                                                    ;
; WRCONTROL_ACLR_B                   ; NONE                 ; Untyped                                                                    ;
; ADDRESS_ACLR_B                     ; NONE                 ; Untyped                                                                    ;
; OUTDATA_ACLR_B                     ; NONE                 ; Untyped                                                                    ;
; RDCONTROL_ACLR_B                   ; NONE                 ; Untyped                                                                    ;
; BYTEENA_ACLR_B                     ; NONE                 ; Untyped                                                                    ;
; WIDTH_BYTEENA_A                    ; 1                    ; Signed Integer                                                             ;
; WIDTH_BYTEENA_B                    ; 1                    ; Untyped                                                                    ;
; RAM_BLOCK_TYPE                     ; AUTO                 ; Untyped                                                                    ;
; BYTE_SIZE                          ; 8                    ; Untyped                                                                    ;
; READ_DURING_WRITE_MODE_MIXED_PORTS ; DONT_CARE            ; Untyped                                                                    ;
; READ_DURING_WRITE_MODE_PORT_A      ; NEW_DATA_NO_NBE_READ ; Untyped                                                                    ;
; READ_DURING_WRITE_MODE_PORT_B      ; NEW_DATA_NO_NBE_READ ; Untyped                                                                    ;
; INIT_FILE                          ; sinewave.mif         ; Untyped                                                                    ;
; INIT_FILE_LAYOUT                   ; PORT_A               ; Untyped                                                                    ;
; MAXIMUM_DEPTH                      ; 0                    ; Untyped                                                                    ;
; CLOCK_ENABLE_INPUT_A               ; BYPASS               ; Untyped                                                                    ;
; CLOCK_ENABLE_INPUT_B               ; NORMAL               ; Untyped                                                                    ;
; CLOCK_ENABLE_OUTPUT_A              ; BYPASS               ; Untyped                                                                    ;
; CLOCK_ENABLE_OUTPUT_B              ; NORMAL               ; Untyped                                                                    ;
; CLOCK_ENABLE_CORE_A                ; USE_INPUT_CLKEN      ; Untyped                                                                    ;
; CLOCK_ENABLE_CORE_B                ; USE_INPUT_CLKEN      ; Untyped                                                                    ;
; ENABLE_ECC                         ; FALSE                ; Untyped                                                                    ;
; ECC_PIPELINE_STAGE_ENABLED         ; FALSE                ; Untyped                                                                    ;
; WIDTH_ECCSTATUS                    ; 3                    ; Untyped                                                                    ;
; DEVICE_FAMILY                      ; Cyclone II           ; Untyped                                                                    ;
; CBXI_PARAMETER                     ; altsyncram_ov71      ; Untyped                                                                    ;
+------------------------------------+----------------------+----------------------------------------------------------------------------+
Note: In order to hide this table in the UI and the text report file, please set the "Show Parameter Settings in Synthesis Report" option in "Analysis and Synthesis Settings -> More Settings" to "Off".


+-----------------------------------------------------------------------------------------------------------+
; Parameter Settings for User Entity Instance: zn_demodulation:demodulation|zn_wlx_freq_detect:freq_detect1 ;
+----------------+-------+----------------------------------------------------------------------------------+
; Parameter Name ; Value ; Type                                                                             ;
+----------------+-------+----------------------------------------------------------------------------------+
; SCH_thread0    ; 150   ; Signed Integer                                                                   ;
+----------------+-------+----------------------------------------------------------------------------------+
Note: In order to hide this table in the UI and the text report file, please set the "Show Parameter Settings in Synthesis Report" option in "Analysis and Synthesis Settings -> More Settings" to "Off".


+---------------------------------------------------------------------------------------------------------------------------------------+
; altsyncram Parameter Settings by Entity Instance                                                                                      ;
+-------------------------------------------+-------------------------------------------------------------------------------------------+
; Name                                      ; Value                                                                                     ;
+-------------------------------------------+-------------------------------------------------------------------------------------------+
; Number of entity instances                ; 1                                                                                         ;
; Entity Instance                           ; wlx_modulation:modulation1|wlx_sinout:sinout1|sinewave:U1|altsyncram:altsyncram_component ;
;     -- OPERATION_MODE                     ; ROM                                                                                       ;
;     -- WIDTH_A                            ; 8                                                                                         ;
;     -- NUMWORDS_A                         ; 64                                                                                        ;
;     -- OUTDATA_REG_A                      ; UNREGISTERED                                                                              ;
;     -- WIDTH_B                            ; 1                                                                                         ;
;     -- NUMWORDS_B                         ; 1                                                                                         ;
;     -- ADDRESS_REG_B                      ; CLOCK1                                                                                    ;
;     -- OUTDATA_REG_B                      ; UNREGISTERED                                                                              ;
;     -- RAM_BLOCK_TYPE                     ; AUTO                                                                                      ;
;     -- READ_DURING_WRITE_MODE_MIXED_PORTS ; DONT_CARE                                                                                 ;
+-------------------------------------------+-------------------------------------------------------------------------------------------+


+-------------------------------------------------------------------------------------------------------------------+
; Port Connectivity Checks: "zn_demodulation:demodulation|zn_compare:compare"                                       ;
+---------+--------+----------+-------------------------------------------------------------------------------------+
; Port    ; Type   ; Severity ; Details                                                                             ;
+---------+--------+----------+-------------------------------------------------------------------------------------+
; dataout ; Output ; Info     ; Connected to dangling logic. Logic that only feeds a dangling port will be removed. ;
+---------+--------+----------+-------------------------------------------------------------------------------------+


+-------------------------------+
; Elapsed Time Per Partition    ;
+----------------+--------------+
; Partition Name ; Elapsed Time ;
+----------------+--------------+
; Top            ; 00:00:00     ;
+----------------+--------------+


+-------------------------------+
; Analysis & Synthesis Messages ;
+-------------------------------+
Info: *******************************************************************
Info: Running Quartus II 64-Bit Analysis & Synthesis
    Info: Version 13.0.1 Build 232 06/12/2013 Service Pack 1 SJ Full Version
    Info: Processing started: Sun Jul 03 09:34:41 2022
Info: Command: quartus_map --read_settings_files=on --write_settings_files=off Project -c Project
Info (11104): Parallel Compilation has detected 8 hyper-threaded processors. However, the extra hyper-threaded processors will not be used by default. Parallel Compilation will use 4 of the 4 physical processors detected instead.
Info (12021): Found 1 design units, including 1 entities, in source file wlx_modulation.v
    Info (12023): Found entity 1: wlx_modulation
Info (12021): Found 1 design units, including 1 entities, in source file ly_div.v
    Info (12023): Found entity 1: LY_DIV
Info (12021): Found 1 design units, including 1 entities, in source file wlx_m_sequence.v
    Info (12023): Found entity 1: wlx_m_sequence
Info (12021): Found 1 design units, including 1 entities, in source file ly_choose.v
    Info (12023): Found entity 1: LY_choose
Warning (10238): Verilog Module Declaration warning at wlx_sinout.v(3): ignored anonymous port(s) indicated by duplicate or dangling comma(s) in the port list for module "wlx_sinout"
Info (12021): Found 1 design units, including 1 entities, in source file wlx_sinout.v
    Info (12023): Found entity 1: wlx_sinout
Info (12021): Found 1 design units, including 1 entities, in source file sinewave.v
    Info (12023): Found entity 1: sinewave
Info (12021): Found 1 design units, including 1 entities, in source file zn_wlx_freq_detect.v
    Info (12023): Found entity 1: zn_wlx_freq_detect
Info (12021): Found 1 design units, including 1 entities, in source file zn_demodulation.v
    Info (12023): Found entity 1: zn_demodulation
Info (12021): Found 1 design units, including 1 entities, in source file zn_compare.v
    Info (12023): Found entity 1: zn_compare
Info (12021): Found 1 design units, including 1 entities, in source file lzw_fsk.v
    Info (12023): Found entity 1: lzw_FSK
Warning (10236): Verilog HDL Implicit Net warning at wlx_modulation.v(16): created implicit net for "m_sequence"
Warning (10236): Verilog HDL Implicit Net warning at zn_demodulation.v(19): created implicit net for "dataout"
Warning (10227): Verilog HDL Port Declaration warning at zn_wlx_freq_detect.v(15): data type declaration for "data_in" declares packed dimensions but the port declaration declaration does not
Info (10499): HDL info at zn_wlx_freq_detect.v(10): see declaration for object "data_in"
Warning (10227): Verilog HDL Port Declaration warning at zn_wlx_freq_detect.v(18): data type declaration for "freq_detect_out" declares packed dimensions but the port declaration declaration does not
Info (10499): HDL info at zn_wlx_freq_detect.v(12): see declaration for object "freq_detect_out"
Info (12127): Elaborating entity "lzw_FSK" for the top level hierarchy
Info (12128): Elaborating entity "LY_DIV" for hierarchy "LY_DIV:mod_a"
Info (12128): Elaborating entity "LY_DIV" for hierarchy "LY_DIV:mod_b"
Info (12128): Elaborating entity "wlx_modulation" for hierarchy "wlx_modulation:modulation1"
Info (12128): Elaborating entity "LY_DIV" for hierarchy "wlx_modulation:modulation1|LY_DIV:mod_b"
Info (12128): Elaborating entity "LY_DIV" for hierarchy "wlx_modulation:modulation1|LY_DIV:mod_c"
Info (12128): Elaborating entity "LY_DIV" for hierarchy "wlx_modulation:modulation1|LY_DIV:mod_d"
Info (12128): Elaborating entity "wlx_m_sequence" for hierarchy "wlx_modulation:modulation1|wlx_m_sequence:m_sequence1"
Info (12128): Elaborating entity "LY_choose" for hierarchy "wlx_modulation:modulation1|LY_choose:LY_choose1"
Info (12128): Elaborating entity "wlx_sinout" for hierarchy "wlx_modulation:modulation1|wlx_sinout:sinout1"
Warning (10230): Verilog HDL assignment warning at wlx_sinout.v(22): truncated value with size 32 to match size of target (6)
Info (12128): Elaborating entity "sinewave" for hierarchy "wlx_modulation:modulation1|wlx_sinout:sinout1|sinewave:U1"
Info (12128): Elaborating entity "altsyncram" for hierarchy "wlx_modulation:modulation1|wlx_sinout:sinout1|sinewave:U1|altsyncram:altsyncram_component"
Info (12130): Elaborated megafunction instantiation "wlx_modulation:modulation1|wlx_sinout:sinout1|sinewave:U1|altsyncram:altsyncram_component"
Info (12133): Instantiated megafunction "wlx_modulation:modulation1|wlx_sinout:sinout1|sinewave:U1|altsyncram:altsyncram_component" with the following parameter:
    Info (12134): Parameter "clock_enable_input_a" = "BYPASS"
    Info (12134): Parameter "clock_enable_output_a" = "BYPASS"
    Info (12134): Parameter "init_file" = "sinewave.mif"
    Info (12134): Parameter "intended_device_family" = "Cyclone II"
    Info (12134): Parameter "lpm_hint" = "ENABLE_RUNTIME_MOD=NO"
    Info (12134): Parameter "lpm_type" = "altsyncram"
    Info (12134): Parameter "numwords_a" = "64"
    Info (12134): Parameter "operation_mode" = "ROM"
    Info (12134): Parameter "outdata_aclr_a" = "NONE"
    Info (12134): Parameter "outdata_reg_a" = "UNREGISTERED"
    Info (12134): Parameter "widthad_a" = "6"
    Info (12134): Parameter "width_a" = "8"
    Info (12134): Parameter "width_byteena_a" = "1"
Info (12021): Found 1 design units, including 1 entities, in source file db/altsyncram_ov71.tdf
    Info (12023): Found entity 1: altsyncram_ov71
Info (12128): Elaborating entity "altsyncram_ov71" for hierarchy "wlx_modulation:modulation1|wlx_sinout:sinout1|sinewave:U1|altsyncram:altsyncram_component|altsyncram_ov71:auto_generated"
Info (12128): Elaborating entity "zn_demodulation" for hierarchy "zn_demodulation:demodulation"
Warning (10034): Output port "data_out" at zn_demodulation.v(10) has no driver
Info (12128): Elaborating entity "zn_wlx_freq_detect" for hierarchy "zn_demodulation:demodulation|zn_wlx_freq_detect:freq_detect1"
Warning (10230): Verilog HDL assignment warning at zn_wlx_freq_detect.v(40): truncated value with size 32 to match size of target (16)
Warning (10230): Verilog HDL assignment warning at zn_wlx_freq_detect.v(48): truncated value with size 32 to match size of target (16)
Warning (10230): Verilog HDL assignment warning at zn_wlx_freq_detect.v(61): truncated value with size 32 to match size of target (16)
Info (12128): Elaborating entity "zn_compare" for hierarchy "zn_demodulation:demodulation|zn_compare:compare"
Warning (14284): Synthesized away the following node(s):
    Warning (14285): Synthesized away the following RAM node(s):
        Warning (14320): Synthesized away node "wlx_modulation:modulation1|wlx_sinout:sinout1|sinewave:U1|altsyncram:altsyncram_component|altsyncram_ov71:auto_generated|q_a[0]"
        Warning (14320): Synthesized away node "wlx_modulation:modulation1|wlx_sinout:sinout1|sinewave:U1|altsyncram:altsyncram_component|altsyncram_ov71:auto_generated|q_a[1]"
        Warning (14320): Synthesized away node "wlx_modulation:modulation1|wlx_sinout:sinout1|sinewave:U1|altsyncram:altsyncram_component|altsyncram_ov71:auto_generated|q_a[2]"
        Warning (14320): Synthesized away node "wlx_modulation:modulation1|wlx_sinout:sinout1|sinewave:U1|altsyncram:altsyncram_component|altsyncram_ov71:auto_generated|q_a[3]"
        Warning (14320): Synthesized away node "wlx_modulation:modulation1|wlx_sinout:sinout1|sinewave:U1|altsyncram:altsyncram_component|altsyncram_ov71:auto_generated|q_a[4]"
        Warning (14320): Synthesized away node "wlx_modulation:modulation1|wlx_sinout:sinout1|sinewave:U1|altsyncram:altsyncram_component|altsyncram_ov71:auto_generated|q_a[5]"
        Warning (14320): Synthesized away node "wlx_modulation:modulation1|wlx_sinout:sinout1|sinewave:U1|altsyncram:altsyncram_component|altsyncram_ov71:auto_generated|q_a[6]"
        Warning (14320): Synthesized away node "wlx_modulation:modulation1|wlx_sinout:sinout1|sinewave:U1|altsyncram:altsyncram_component|altsyncram_ov71:auto_generated|q_a[7]"
Warning (13024): Output pins are stuck at VCC or GND
    Warning (13410): Pin "data_out" is stuck at GND
Info (17049): 79 registers lost all their fanouts during netlist optimizations.
Info (16010): Generating hard_block partition "hard_block:auto_generated_inst"
    Info (16011): Adding 0 node(s), including 0 DDIO, 0 PLL, 0 transceiver and 0 LCELL
Warning (21074): Design contains 2 input pin(s) that do not drive logic
    Warning (15610): No output dependent on input pin "clk"
    Warning (15610): No output dependent on input pin "rst"
Info (21057): Implemented 3 device resources after synthesis - the final resource count might be different
    Info (21058): Implemented 2 input pins
    Info (21059): Implemented 1 output pins
Info: Quartus II 64-Bit Analysis & Synthesis was successful. 0 errors, 25 warnings
    Info: Peak virtual memory: 4604 megabytes
    Info: Processing ended: Sun Jul 03 09:34:42 2022
    Info: Elapsed time: 00:00:01
    Info: Total CPU time (on all processors): 00:00:01


