Flow report for Project
Sun Jul 03 09:34:49 2022
Quartus II 64-Bit Version 13.0.1 Build 232 06/12/2013 Service Pack 1 SJ Full Version


---------------------
; Table of Contents ;
---------------------
  1. Legal Notice
  2. Flow Summary
  3. Flow Settings
  4. Flow Non-Default Global Settings
  5. Flow Elapsed Time
  6. Flow OS Summary
  7. Flow Log
  8. Flow Messages
  9. Flow Suppressed Messages



----------------
; Legal Notice ;
----------------
Copyright (C) 1991-2013 Altera Corporation
Your use of Altera Corporation's design tools, logic functions 
and other software and tools, and its AMPP partner logic 
functions, and any output files from any of the foregoing 
(including device programming or simulation files), and any 
associated documentation or information are expressly subject 
to the terms and conditions of the Altera Program License 
Subscription Agreement, Altera MegaCore Function License 
Agreement, or other applicable license agreement, including, 
without limitation, that your use is for the sole purpose of 
programming logic devices manufactured by Altera and sold by 
Altera or its authorized distributors.  Please refer to the 
applicable agreement for further details.



+---------------------------------------------------------------------------------------+
; Flow Summary                                                                          ;
+------------------------------------+--------------------------------------------------+
; Flow Status                        ; Successful - Sun Jul 03 09:34:49 2022            ;
; Quartus II 64-Bit Version          ; 13.0.1 Build 232 06/12/2013 SP 1 SJ Full Version ;
; Revision Name                      ; Project                                          ;
; Top-level Entity Name              ; lzw_FSK                                          ;
; Family                             ; Cyclone II                                       ;
; Device                             ; EP2C8T144I8                                      ;
; Timing Models                      ; Final                                            ;
; Total logic elements               ; 0 / 8,256 ( 0 % )                                ;
;     Total combinational functions  ; 0 / 8,256 ( 0 % )                                ;
;     Dedicated logic registers      ; 0 / 8,256 ( 0 % )                                ;
; Total registers                    ; 0                                                ;
; Total pins                         ; 3 / 85 ( 4 % )                                   ;
; Total virtual pins                 ; 0                                                ;
; Total memory bits                  ; 0 / 165,888 ( 0 % )                              ;
; Embedded Multiplier 9-bit elements ; 0 / 36 ( 0 % )                                   ;
; Total PLLs                         ; 0 / 2 ( 0 % )                                    ;
+------------------------------------+--------------------------------------------------+


+-----------------------------------------+
; Flow Settings                           ;
+-------------------+---------------------+
; Option            ; Setting             ;
+-------------------+---------------------+
; Start date & time ; 07/03/2022 09:34:42 ;
; Main task         ; Compilation         ;
; Revision Name     ; Project             ;
+-------------------+---------------------+


+-------------------------------------------------------------------------------------------------------------------------------------+
; Flow Non-Default Global Settings                                                                                                    ;
+--------------------------------------+---------------------------------------+---------------+-------------+------------------------+
; Assignment Name                      ; Value                                 ; Default Value ; Entity Name ; Section Id             ;
+--------------------------------------+---------------------------------------+---------------+-------------+------------------------+
; COMPILER_SIGNATURE_ID                ; 229436443677686.165681208108212       ; --            ; --          ; --                     ;
; EDA_DESIGN_INSTANCE_NAME             ; NA                                    ; --            ; --          ; wlx_modulation_vlg_tst ;
; EDA_DESIGN_INSTANCE_NAME             ; NA                                    ; --            ; --          ; wlx_sinout_vlg_tst     ;
; EDA_DESIGN_INSTANCE_NAME             ; NA                                    ; --            ; --          ; lzw_FSK_vlg_tst        ;
; EDA_NATIVELINK_SIMULATION_TEST_BENCH ; lzw_FSK_vlg_tst                       ; --            ; --          ; eda_simulation         ;
; EDA_OUTPUT_DATA_FORMAT               ; Verilog Hdl                           ; --            ; --          ; eda_simulation         ;
; EDA_SIMULATION_TOOL                  ; ModelSim (Verilog)                    ; <None>        ; --          ; --                     ;
; EDA_TEST_BENCH_ENABLE_STATUS         ; TEST_BENCH_MODE                       ; --            ; --          ; eda_simulation         ;
; EDA_TEST_BENCH_FILE                  ; simulation/modelsim/wlx_modulation.vt ; --            ; --          ; wlx_modulation_vlg_tst ;
; EDA_TEST_BENCH_FILE                  ; simulation/modelsim/wlx_sinout.vt     ; --            ; --          ; wlx_sinout_vlg_tst     ;
; EDA_TEST_BENCH_FILE                  ; simulation/modelsim/lzw_FSK.vt        ; --            ; --          ; lzw_FSK_vlg_tst        ;
; EDA_TEST_BENCH_MODULE_NAME           ; wlx_modulation_vlg_tst                ; --            ; --          ; wlx_modulation_vlg_tst ;
; EDA_TEST_BENCH_MODULE_NAME           ; wlx_sinout_vlg_tst                    ; --            ; --          ; wlx_sinout_vlg_tst     ;
; EDA_TEST_BENCH_MODULE_NAME           ; lzw_FSK_vlg_tst                       ; --            ; --          ; lzw_FSK_vlg_tst        ;
; EDA_TEST_BENCH_NAME                  ; wlx_modulation_vlg_tst                ; --            ; --          ; eda_simulation         ;
; EDA_TEST_BENCH_NAME                  ; wlx_sinout_vlg_tst                    ; --            ; --          ; eda_simulation         ;
; EDA_TEST_BENCH_NAME                  ; lzw_FSK_vlg_tst                       ; --            ; --          ; eda_simulation         ;
; EDA_TIME_SCALE                       ; 1 ps                                  ; --            ; --          ; eda_simulation         ;
; IP_TOOL_NAME                         ; ROM: 1-PORT                           ; --            ; --          ; --                     ;
; IP_TOOL_VERSION                      ; 13.0                                  ; --            ; --          ; --                     ;
; MAX_CORE_JUNCTION_TEMP               ; 125                                   ; --            ; --          ; --                     ;
; MIN_CORE_JUNCTION_TEMP               ; -40                                   ; --            ; --          ; --                     ;
; MISC_FILE                            ; sinewave_bb.v                         ; --            ; --          ; --                     ;
; PARTITION_COLOR                      ; 16764057                              ; --            ; lzw_FSK     ; Top                    ;
; PARTITION_FITTER_PRESERVATION_LEVEL  ; PLACEMENT_AND_ROUTING                 ; --            ; lzw_FSK     ; Top                    ;
; PARTITION_NETLIST_TYPE               ; SOURCE                                ; --            ; lzw_FSK     ; Top                    ;
; POWER_BOARD_THERMAL_MODEL            ; None (CONSERVATIVE)                   ; --            ; --          ; --                     ;
; POWER_PRESET_COOLING_SOLUTION        ; 23 MM HEAT SINK WITH 200 LFPM AIRFLOW ; --            ; --          ; --                     ;
; PROJECT_OUTPUT_DIRECTORY             ; output_files                          ; --            ; --          ; --                     ;
; TOP_LEVEL_ENTITY                     ; lzw_FSK                               ; Project       ; --          ; --                     ;
+--------------------------------------+---------------------------------------+---------------+-------------+------------------------+


+-------------------------------------------------------------------------------------------------------------------------------+
; Flow Elapsed Time                                                                                                             ;
+---------------------------+--------------+-------------------------+---------------------+------------------------------------+
; Module Name               ; Elapsed Time ; Average Processors Used ; Peak Virtual Memory ; Total CPU Time (on all processors) ;
+---------------------------+--------------+-------------------------+---------------------+------------------------------------+
; Analysis & Synthesis      ; 00:00:01     ; 1.0                     ; 4593 MB             ; 00:00:01                           ;
; Fitter                    ; 00:00:02     ; 1.0                     ; 5255 MB             ; 00:00:02                           ;
; Assembler                 ; 00:00:01     ; 1.0                     ; 4569 MB             ; 00:00:01                           ;
; TimeQuest Timing Analyzer ; 00:00:00     ; 1.0                     ; 4573 MB             ; 00:00:01                           ;
; EDA Netlist Writer        ; 00:00:00     ; 1.0                     ; 4519 MB             ; 00:00:00                           ;
; Total                     ; 00:00:04     ; --                      ; --                  ; 00:00:05                           ;
+---------------------------+--------------+-------------------------+---------------------+------------------------------------+


+----------------------------------------------------------------------------------------+
; Flow OS Summary                                                                        ;
+---------------------------+------------------+-----------+------------+----------------+
; Module Name               ; Machine Hostname ; OS Name   ; OS Version ; Processor type ;
+---------------------------+------------------+-----------+------------+----------------+
; Analysis & Synthesis      ; DESKTOP-HIJK26U  ; Windows 7 ; 6.2        ; x86_64         ;
; Fitter                    ; DESKTOP-HIJK26U  ; Windows 7 ; 6.2        ; x86_64         ;
; Assembler                 ; DESKTOP-HIJK26U  ; Windows 7 ; 6.2        ; x86_64         ;
; TimeQuest Timing Analyzer ; DESKTOP-HIJK26U  ; Windows 7 ; 6.2        ; x86_64         ;
; EDA Netlist Writer        ; DESKTOP-HIJK26U  ; Windows 7 ; 6.2        ; x86_64         ;
+---------------------------+------------------+-----------+------------+----------------+


------------
; Flow Log ;
------------
quartus_map --read_settings_files=on --write_settings_files=off Project -c Project
quartus_fit --read_settings_files=off --write_settings_files=off Project -c Project
quartus_asm --read_settings_files=off --write_settings_files=off Project -c Project
quartus_sta Project -c Project
quartus_eda --read_settings_files=off --write_settings_files=off Project -c Project



